

  !---------------------------------------------------------------------------!
  !                                                                           !
  !     MLatom: a Package for Atomistic Simulations with Machine Learning     !
  !                               Version 2.2                                 !
  !                           http://mlatom.com/                              !
  !                                                                           !
  !                  Copyright (c) 2013-2022 Pavlo O. Dral                    !
  !                           http://dr-dral.com/                             !
  !                                                                           !
  ! All rights reserved. This work is licensed under the                      !
  ! Attribution-NonCommercial-NoDerivatives 4.0 International                 ! 
  ! (http://creativecommons.org/licenses/by-nc-nd/4.0/) license.              !
  ! See LICENSE.CC-BY-NC-ND-4.0.                                              !
  !                                                                           !
  ! The above copyright notice and this permission notice shall be included   !
  ! in all copies or substantial portions of the Software.                    !
  !                                                                           !
  ! The software is provided "as is", without warranty of any kind, express   !
  ! or implied, including but not limited to the warranties of                !
  ! merchantability, fitness for a particular purpose and noninfringement. In !
  ! no event shall the authors or copyright holders be liable for any claim,  !
  ! damages or other liability, whether in an action of contract, tort or     !
  ! otherwise, arising from, out of or in connection with the software or the !
  ! use or other dealings in the software.                                    !
  !                                                                           !
  !                                Cite as:                                   !
  ! Pavlo O. Dral, J. Comput. Chem. 2019, 40, 2339-2347                       !
  ! Pavlo O. Dral, Fuchun Ge, Bao-Xin Xue, Yi-Fan Hou, Max Pinheiro Jr,       !
  ! Jianxing Huang, Mario Barbatti, Top. Curr. Chem. 2021, 379, 27            !
  !                                                                           !
  ! Pavlo O. Dral, Peikun Zheng, Bao-Xin Xue, Fuchun Ge, Yi-Fan Hou,          !
  ! Max Pinheiro Jr,                                                          !
  ! MLatom: A Package for Atomistic Simulations with Machine Learning         !
  ! version 2.2, Xiamen University, Xiamen, China, 2013-2022                  !
  !                                                                           !  
  !---------------------------------------------------------------------------!


 ============================================================================== 
 MLatom started on 12.06.2022 at 06:24:44
        with the following options:
        /home/jakubm/WORK/mlatom/bin/MLatom.py mlatom_gr_1ks0.inp

        Input file content:
 ______________________________________________________________________________ 
createMLmodel
XYZfile=/home/jakubm/WORK/ML/TRAINING_SETS/BrEt/test_ADC2_1k/xyz_train_1k.dat
YgradXYZfile=/home/jakubm/WORK/ML/TRAINING_SETS/BrEt/test_ADC2_1k/grads_0.15_s0_train_1k.dat
Yfile=/home/jakubm/WORK/ML/TRAINING_SETS/BrEt/test_ADC2_1k/en_MCH_s0_train_1k.dat
molDescriptor=RE
kernel=Gaussian
sigma=opt lgsigmal=-10
lambda=opt NlgLambda=12 lglambdal=-30 lglambdah=-1
minimizeError=RMSE
MLmodelOut=1k_s0_grenADC.unf
prior=mean
nthreads=8
 ______________________________________________________________________________ 
 ============================================================================== 

 ****************************************************************************** 

 You are going to use feature(s) listed below. 
 Please cite corresponding work(s) in your paper:

 KREG model:
   P. O. Dral, A. Owens, S. N. Yurchenko, W. Thiel,
   J. Chem. Phys. 2017, 146, 244108

 ****************************************************************************** 
> /home/jakubm/WORK/mlatom/bin/MLatomF createMLmodel XYZfile=/home/jakubm/WORK/ML/TRAINING_SETS/BrEt/test_ADC2_1k/xyz_train_1k.dat Yfile=/home/jakubm/WORK/ML/TRAINING_SETS/BrEt/test_ADC2_1k/en_MCH_s0_train_1k.dat YgradXYZfile=/home/jakubm/WORK/ML/TRAINING_SETS/BrEt/test_ADC2_1k/grads_0.15_s0_train_1k.dat MLmodelOut=1k_s0_grenADC.unf molDescriptor=RE kernel=Gaussian sigma=opt lgsigmal=-10 lambda=opt NlgLambda=12 lglambdal=-30 lglambdah=-1 minimizeError=RMSE prior=mean

  !---------------------------------------------------------------------------! 
  ! MLatomF: Fortran + OpenMP part of MLatom                                  ! 
  ! Implementations by: Pavlo O. Dral and Yi-Fan Hou                          ! 
  !---------------------------------------------------------------------------! 


 MLatomF started on 12.06.2022 at 06:24:44

 ___________________________________________________________

 Calculations with the following options:

    Input options
      Nuse:                ALL
      XYZfile:             /home/jakubm/WORK/ML/TRAINING_SETS/BrEt/test_ADC2_1k/xyz_train_1k.dat
      Yfile:               /home/jakubm/WORK/ML/TRAINING_SETS/BrEt/test_ADC2_1k/en_MCH_s0_train_1k.dat
      YgradXYZfile:        /home/jakubm/WORK/ML/TRAINING_SETS/BrEt/test_ADC2_1k/grads_0.15_s0_train_1k.dat

    Output options
      MLmodelOut:          1k_s0_grenADC.unf

    Sub-set sizes and splitting options
      Training set:        the entire dataset
      Sub-training set:    80% of the training set
      Validating with:     all points of the training set except for the sub-training set points

    Data set operations
      sampling:            random

    ML task:
                           create ML model
    KRR task:              learn combined value and gradient information

    ML algorithm:          KRR
      error to minimize:   RMSE
      depth of log. opt.:  3
      lambda:              OPT
      NlgLambda:           12
      lgLambdaL:           -30
      lgLambdaH:           -1
      Kernel:              Gaussian
        sigma:             OPT
        NlgSigma:          6
        lgSigmaL:          -10
        lgSigmaH:          9
      prior:               mean
    Program run options:
      Cholesky decomposition
                           calculate and store kernel matrix
                           elements for validation


    Molecular descriptor:  unsorted RE

 ___________________________________________________________

  Equilibrium distances: 
1     1-2      1.890240298507
2     1-3      2.828211274965
3     1-4      2.506497077316
4     1-5      3.819213990603
5     1-6      3.002803286022
6     2-3      1.307544529185
7     2-4      1.070221582384
8     2-5      2.060208019446
9     2-6      2.091841213148
10     3-4      2.101691016124
11     3-5      1.074548780312
12     3-6      1.072774855389
13     4-5      2.433099208820
14     4-6      3.062501093748
15     5-6      1.839571223876
 Cholesky decomposition failed. Attempting Bunch-Kaufman decomposition
 Cholesky decomposition failed. Attempting Bunch-Kaufman decomposition
 Cholesky decomposition failed. Attempting Bunch-Kaufman decomposition
 Cholesky decomposition failed. Attempting Bunch-Kaufman decomposition
 Cholesky decomposition failed. Attempting Bunch-Kaufman decomposition
 Cholesky decomposition failed. Attempting Bunch-Kaufman decomposition
 Cholesky decomposition failed. Attempting Bunch-Kaufman decomposition
 Cholesky decomposition failed. Attempting Bunch-Kaufman decomposition
 Cholesky decomposition failed. Attempting Bunch-Kaufman decomposition
 Cholesky decomposition failed. Attempting Bunch-Kaufman decomposition
 Cholesky decomposition failed. Attempting Bunch-Kaufman decomposition
 Cholesky decomposition failed. Attempting Bunch-Kaufman decomposition
 Cholesky decomposition failed. Attempting Bunch-Kaufman decomposition
 Cholesky decomposition failed. Attempting Bunch-Kaufman decomposition
 Cholesky decomposition failed. Attempting Bunch-Kaufman decomposition
 Cholesky decomposition failed. Attempting Bunch-Kaufman decomposition
 Cholesky decomposition failed. Attempting Bunch-Kaufman decomposition
 Optimal value of lambda is          0.00018564169746
 Optimal value of sigma is          1.26225203211211
 Prior value =       -2650.3159306856251
 Analysis for values
 Statistical analysis for 800 entries in the sub-training set
   MAE =           0.0118948787305
   MSE =          -0.0000014369822
   RMSE =           0.0150205836781
   mean(Y) =       -2650.3159306856251
   mean(Yest) =       -2650.3159321226076
   correlation coefficient =           0.9762647322129
   linear regression of {y, y_est} by f(a,b) = a + b * y
     R^2 =           0.9530938951908
     a =        -737.8836622698911
     b =           0.7215865277458
     SE_a =          15.0186694386634
     SE_b =           0.0056667468442
   largest positive outlier
     error =           0.0305991767073
     index = 433
     estimated value =       -2650.2867952232928
     reference value =       -2650.3173944000000
   largest negative outlier
     error =          -0.0804017747632
     index = 372
     estimated value =       -2650.1675838747633
     reference value =       -2650.0871821000001
 Analysis for gradients in XYZ coordinates
 Statistical analysis for 800 entries in the sub-training set
   MAE =           0.0015161599866
   MSE =          -0.0000000000221
   RMSE =           0.0026008201984
   mean(Y) =           0.0000000000221
   mean(Yest) =           0.0000000000000
   correlation coefficient =           0.9979507433977
   linear regression of {y, y_est} by f(a,b) = a + b * y
     R^2 =           0.9959056862480
     a =          -0.0000000000223
     b =           1.0095086079073
     SE_a =           0.0000232263563
     SE_b =           0.0005842495963
   largest positive outlier
     error =           0.0543576112973
     estimated value =           0.0099340247916
     reference value =          -0.0444235865057
   largest negative outlier
     error =          -0.0459642968845
     estimated value =          -0.0040770262267
     reference value =           0.0418872706578

 Analysis for values
 Statistical analysis for 200 entries in the validation set
   MAE =           0.0127226939935
   MSE =           0.0011899376608
   RMSE =           0.0160675657066
   mean(Y) =       -2650.3177115855001
   mean(Yest) =       -2650.3165216478392
   correlation coefficient =           0.9700703630780
   linear regression of {y, y_est} by f(a,b) = a + b * y
     R^2 =           0.9410340106082
     a =        -776.0417946521068
     b =           0.7071886962090
     SE_a =          33.3425483120600
     SE_b =           0.0125805853997
   largest positive outlier
     error =           0.0296041325532
     index = 434
     estimated value =       -2650.2839126674467
     reference value =       -2650.3135167999999
   largest negative outlier
     error =          -0.0797930889694
     index = 403
     estimated value =       -2650.2165077889695
     reference value =       -2650.1367147000001
 Analysis for gradients in XYZ coordinates
 Statistical analysis for 200 entries in the validation set
   MAE =           0.0020303019419
   MSE =          -0.0000000000236
   RMSE =           0.0045620210999
   mean(Y) =           0.0000000000236
   mean(Yest) =           0.0000000000000
   correlation coefficient =           0.9933653410617
   linear regression of {y, y_est} by f(a,b) = a + b * y
     R^2 =           0.9867747008226
     a =          -0.0000000000237
     b =           1.0051225510522
     SE_a =           0.0000836575080
     SE_b =           0.0021358995198
   largest positive outlier
     error =           0.0693670345951
     estimated value =           0.1153979144465
     reference value =           0.0460308798514
   largest negative outlier
     error =          -0.0485384900483
     estimated value =          -0.0065901584998
     reference value =           0.0419483315485

 CREATE AND SAVE FINAL ML MODEL

 Prior value =       -2650.3162868655995
 Analysis for values
 Statistical analysis for 1000 entries in the training set
   MAE =           0.0119703071345
   MSE =          -0.0000010725792
   RMSE =           0.0151622908227
   mean(Y) =       -2650.3162868655995
   mean(Yest) =       -2650.3162879381794
   correlation coefficient =           0.9770062670168
   linear regression of {y, y_est} by f(a,b) = a + b * y
     R^2 =           0.9545434536221
     a =        -752.4068537772105
     b =           0.7161067694322
     SE_a =          13.1102381415356
     SE_b =           0.0049466692728
   largest positive outlier
     error =           0.0249782777205
     index = 433
     estimated value =       -2650.2924161222795
     reference value =       -2650.3173944000000
   largest negative outlier
     error =          -0.0846112983968
     index = 372
     estimated value =       -2650.1717933983969
     reference value =       -2650.0871821000001
 Analysis for gradients in XYZ coordinates
 Statistical analysis for 1000 entries in the training set
   MAE =           0.0015609186889
   MSE =          -0.0000000000224
   RMSE =           0.0027290919990
   mean(Y) =           0.0000000000224
   mean(Yest) =           0.0000000000000
   correlation coefficient =           0.9977278788660
   linear regression of {y, y_est} by f(a,b) = a + b * y
     R^2 =           0.9954609202664
     a =          -0.0000000000226
     b =           1.0095953013524
     SE_a =           0.0000218881535
     SE_b =           0.0005521659844
   largest positive outlier
     error =           0.0511609330658
     estimated value =           0.0067373465601
     reference value =          -0.0444235865057
   largest negative outlier
     error =          -0.0476179609533
     estimated value =          -0.0056696294048
     reference value =           0.0419483315485

 FINAL ML MODEL CREATED AND SAVED


 Wall-clock time:    9649.74 sec

 MLatomF terminated on 12.06.2022 at 09:05:34

 ============================================================================== 
 Wall-clock time: 9649.77 s (160.83 min, 2.68 hours)

 MLatom terminated on 12.06.2022 at 09:05:34
 ============================================================================== 
